TN:
SF:script/TokenGateManagerScript.s.sol
DA:8,0
FN:8,TokenGateManagerScript.run
FNDA:0,TokenGateManagerScript.run
DA:9,0
DA:10,0
DA:11,0
FNF:1
FNH:0
LF:4
LH:0
BRF:0
BRH:0
end_of_record
TN:
SF:src/TokenGateManager.sol
DA:88,25
FN:88,TokenGateManager.createCommunity
FNDA:25,TokenGateManager.createCommunity
DA:89,25
BRDA:89,0,0,1
DA:90,1
DA:92,24
BRDA:92,1,0,1
DA:93,1
DA:95,23
BRDA:95,2,0,1
DA:96,1
DA:98,22
BRDA:98,3,0,1
DA:99,1
DA:101,21
DA:103,21
DA:104,21
DA:105,21
DA:110,6
FN:110,TokenGateManager.createChannel
FNDA:6,TokenGateManager.createChannel
DA:111,6
BRDA:111,4,0,1
DA:112,1
DA:114,5
DA:115,5
BRDA:115,5,0,1
DA:116,1
DA:118,4
BRDA:118,6,0,-
DA:119,0
DA:121,4
BRDA:121,7,0,-
DA:122,0
DA:125,4
DA:126,4
DA:127,4
DA:128,4
DA:129,4
DA:134,10
FN:134,TokenGateManager.joinCommunity
FNDA:10,TokenGateManager.joinCommunity
DA:135,10
BRDA:135,8,0,1
DA:136,1
DA:138,9
BRDA:138,9,0,1
DA:139,1
DA:141,8
DA:144,8
BRDA:144,10,0,2
DA:145,2
DA:149,6
DA:150,6
DA:155,4
FN:155,TokenGateManager.kickUser
FNDA:4,TokenGateManager.kickUser
DA:156,4
BRDA:156,11,0,1
DA:157,1
DA:159,3
DA:160,3
BRDA:160,12,0,1
DA:161,1
DA:163,2
BRDA:163,13,0,-
DA:164,0
DA:166,2
BRDA:166,14,0,-
DA:167,0
DA:169,2
BRDA:169,15,0,1
DA:170,1
DA:173,1
DA:174,1
DA:175,1
BRDA:175,16,0,1
DA:176,1
DA:177,1
DA:178,1
DA:179,1
DA:183,1
DA:184,1
DA:185,0
DA:186,0
DA:187,0
DA:188,0
DA:190,1
DA:194,2
FN:194,TokenGateManager.updateCommunityRequirements
FNDA:2,TokenGateManager.updateCommunityRequirements
DA:195,2
BRDA:195,17,0,-
DA:196,0
DA:198,2
DA:199,2
BRDA:199,18,0,1
DA:200,1
DA:202,1
BRDA:202,19,0,-
DA:203,0
DA:205,1
BRDA:205,20,0,-
DA:206,0
DA:210,1
DA:211,1
DA:212,1
DA:217,2
FN:217,TokenGateManager.deleteCommunity
FNDA:2,TokenGateManager.deleteCommunity
DA:218,2
BRDA:218,21,0,-
DA:219,0
DA:221,2
DA:222,2
BRDA:222,22,0,1
DA:223,1
DA:225,1
BRDA:225,23,0,-
DA:226,0
DA:228,1
BRDA:228,24,0,-
DA:229,0
DA:231,1
DA:233,1
DA:234,1
DA:235,0
BRDA:235,25,0,-
DA:236,0
DA:237,0
DA:238,0
DA:242,1
DA:243,1
DA:244,0
DA:245,0
DA:246,0
DA:247,0
DA:249,1
DA:250,1
DA:255,3
FN:255,TokenGateManager.deleteChannel
FNDA:3,TokenGateManager.deleteChannel
DA:256,3
BRDA:256,26,0,1
DA:257,1
DA:259,2
DA:260,2
BRDA:260,27,0,-
DA:261,0
DA:263,2
DA:264,2
BRDA:264,28,0,1
DA:265,1
DA:267,1
BRDA:267,29,0,-
DA:268,0
DA:270,1
BRDA:270,30,0,-
DA:271,0
DA:274,1
DA:276,1
DA:277,1
DA:278,1
BRDA:278,31,0,1
DA:279,1
DA:280,1
DA:281,1
DA:284,1
DA:288,2
FN:288,TokenGateManager.leaveCommunity
FNDA:2,TokenGateManager.leaveCommunity
DA:289,2
BRDA:289,32,0,1
DA:290,1
DA:294,1
DA:295,1
DA:296,1
BRDA:296,33,0,1
DA:297,1
DA:298,1
DA:299,1
DA:305,3
FN:305,TokenGateManager.withdrawFees
FNDA:3,TokenGateManager.withdrawFees
DA:306,2
DA:307,2
BRDA:307,34,0,1
DA:308,1
DA:310,1
DA:313,1
FN:313,TokenGateManager.getOwner
FNDA:1,TokenGateManager.getOwner
DA:314,1
DA:322,8
FN:322,TokenGateManager._checkRequirements
FNDA:8,TokenGateManager._checkRequirements
DA:324,8
BRDA:324,35,0,6
DA:325,6
DA:326,6
BRDA:326,36,0,1
DA:327,1
DA:332,7
BRDA:332,37,0,2
DA:333,2
DA:334,2
DA:335,2
BRDA:335,38,0,1
DA:336,1
DA:340,6
DA:343,2
FN:343,TokenGateManager.getCommunity
FNDA:2,TokenGateManager.getCommunity
DA:344,2
BRDA:344,39,0,-
DA:345,0
DA:347,2
DA:350,1
FN:350,TokenGateManager.getChannel
FNDA:1,TokenGateManager.getChannel
DA:351,1
BRDA:351,40,0,-
DA:352,0
DA:354,1
DA:357,6
FN:357,TokenGateManager.getUserCommunities
FNDA:6,TokenGateManager.getUserCommunities
DA:358,6
DA:361,1
FN:361,TokenGateManager.getCommunityChannels
FNDA:1,TokenGateManager.getCommunityChannels
DA:362,1
DA:365,2
FN:365,TokenGateManager.getCommunityCount
FNDA:2,TokenGateManager.getCommunityCount
DA:366,2
DA:369,2
FN:369,TokenGateManager.getChannelCount
FNDA:2,TokenGateManager.getChannelCount
DA:370,2
DA:373,2
FN:373,TokenGateManager.getUserCommunityCount
FNDA:2,TokenGateManager.getUserCommunityCount
DA:374,2
DA:376,0
FN:376,TokenGateManager.getUserCommunity
FNDA:0,TokenGateManager.getUserCommunity
DA:377,0
BRDA:377,41,0,-
BRDA:377,41,1,-
DA:378,0
FNF:19
FNH:18
LF:171
LH:141
BRF:43
BRH:25
end_of_record
TN:
SF:test/mocks/MockERC721.sol
DA:9,34
FN:9,MockERC721.mint
FNDA:34,MockERC721.mint
DA:10,34
FNF:1
FNH:1
LF:2
LH:2
BRF:0
BRH:0
end_of_record
TN:
SF:test/mocks/MockV3Aggregator.sol
DA:24,0
FN:24,MockV3Aggregator.constructor
FNDA:0,MockV3Aggregator.constructor
DA:25,0
DA:26,0
DA:29,0
FN:29,MockV3Aggregator.updateAnswer
FNDA:0,MockV3Aggregator.updateAnswer
DA:30,0
DA:31,0
DA:32,0
DA:33,0
DA:34,0
DA:35,0
DA:38,0
FN:38,MockV3Aggregator.updateRoundData
FNDA:0,MockV3Aggregator.updateRoundData
DA:39,0
DA:40,0
DA:41,0
DA:42,0
DA:43,0
DA:44,0
DA:47,0
FN:47,MockV3Aggregator.getRoundData
FNDA:0,MockV3Aggregator.getRoundData
DA:52,0
DA:55,0
FN:55,MockV3Aggregator.latestRoundData
FNDA:0,MockV3Aggregator.latestRoundData
DA:60,0
DA:69,0
FN:69,MockV3Aggregator.description
FNDA:0,MockV3Aggregator.description
DA:70,0
FNF:6
FNH:0
LF:23
LH:0
BRF:0
BRH:0
end_of_record
